mode: atomic
github.com/clearmatics/autonity/accounts/hd.go:67.63,72.9 3 29
github.com/clearmatics/autonity/accounts/hd.go:86.2,86.26 1 27
github.com/clearmatics/autonity/accounts/hd.go:89.2,89.39 1 26
github.com/clearmatics/autonity/accounts/hd.go:116.2,116.20 1 23
github.com/clearmatics/autonity/accounts/hd.go:73.28,74.50 1 0
github.com/clearmatics/autonity/accounts/hd.go:76.46,77.116 1 2
github.com/clearmatics/autonity/accounts/hd.go:79.47,80.30 1 17
github.com/clearmatics/autonity/accounts/hd.go:82.10,83.56 1 10
github.com/clearmatics/autonity/accounts/hd.go:86.26,88.3 1 1
github.com/clearmatics/autonity/accounts/hd.go:89.39,95.40 3 65
github.com/clearmatics/autonity/accounts/hd.go:100.3,101.10 2 65
github.com/clearmatics/autonity/accounts/hd.go:104.3,105.66 2 64
github.com/clearmatics/autonity/accounts/hd.go:111.3,114.33 2 62
github.com/clearmatics/autonity/accounts/hd.go:95.40,98.4 2 37
github.com/clearmatics/autonity/accounts/hd.go:101.10,103.4 1 1
github.com/clearmatics/autonity/accounts/hd.go:105.66,106.18 1 2
github.com/clearmatics/autonity/accounts/hd.go:109.4,109.93 1 2
github.com/clearmatics/autonity/accounts/hd.go:106.18,108.5 1 0
github.com/clearmatics/autonity/accounts/hd.go:121.44,123.33 2 0
github.com/clearmatics/autonity/accounts/hd.go:134.2,134.15 1 0
github.com/clearmatics/autonity/accounts/hd.go:123.33,125.30 2 0
github.com/clearmatics/autonity/accounts/hd.go:129.3,130.15 2 0
github.com/clearmatics/autonity/accounts/hd.go:125.30,128.4 2 0
github.com/clearmatics/autonity/accounts/hd.go:130.15,132.4 1 0
github.com/clearmatics/autonity/accounts/manager.go:43.47,46.35 2 0
github.com/clearmatics/autonity/accounts/manager.go:50.2,53.35 3 0
github.com/clearmatics/autonity/accounts/manager.go:57.2,64.35 2 0
github.com/clearmatics/autonity/accounts/manager.go:68.2,70.11 2 0
github.com/clearmatics/autonity/accounts/manager.go:46.35,48.3 1 0
github.com/clearmatics/autonity/accounts/manager.go:53.35,55.3 1 0
github.com/clearmatics/autonity/accounts/manager.go:64.35,67.3 2 0
github.com/clearmatics/autonity/accounts/manager.go:74.34,78.2 3 0
github.com/clearmatics/autonity/accounts/manager.go:82.29,84.15 1 0
github.com/clearmatics/autonity/accounts/manager.go:94.2,94.6 1 0
github.com/clearmatics/autonity/accounts/manager.go:84.15,86.35 2 0
github.com/clearmatics/autonity/accounts/manager.go:89.3,90.19 2 0
github.com/clearmatics/autonity/accounts/manager.go:86.35,88.4 1 0
github.com/clearmatics/autonity/accounts/manager.go:94.6,95.10 1 0
github.com/clearmatics/autonity/accounts/manager.go:96.30,99.22 2 0
github.com/clearmatics/autonity/accounts/manager.go:105.4,108.23 2 0
github.com/clearmatics/autonity/accounts/manager.go:110.26,113.10 2 0
github.com/clearmatics/autonity/accounts/manager.go:100.23,101.49 1 0
github.com/clearmatics/autonity/accounts/manager.go:102.23,103.48 1 0
github.com/clearmatics/autonity/accounts/manager.go:119.58,121.2 1 0
github.com/clearmatics/autonity/accounts/manager.go:124.39,131.2 5 0
github.com/clearmatics/autonity/accounts/manager.go:134.55,139.16 4 0
github.com/clearmatics/autonity/accounts/manager.go:142.2,142.38 1 0
github.com/clearmatics/autonity/accounts/manager.go:147.2,147.30 1 0
github.com/clearmatics/autonity/accounts/manager.go:139.16,141.3 1 0
github.com/clearmatics/autonity/accounts/manager.go:142.38,143.29 1 0
github.com/clearmatics/autonity/accounts/manager.go:143.29,145.4 1 0
github.com/clearmatics/autonity/accounts/manager.go:153.58,157.36 3 0
github.com/clearmatics/autonity/accounts/manager.go:162.2,162.31 1 0
github.com/clearmatics/autonity/accounts/manager.go:157.36,158.31 1 0
github.com/clearmatics/autonity/accounts/manager.go:158.31,160.4 1 0
github.com/clearmatics/autonity/accounts/manager.go:167.74,169.2 1 0
github.com/clearmatics/autonity/accounts/manager.go:175.56,176.33 1 0
github.com/clearmatics/autonity/accounts/manager.go:184.2,184.14 1 0
github.com/clearmatics/autonity/accounts/manager.go:176.33,177.49 1 0
github.com/clearmatics/autonity/accounts/manager.go:178.3,178.22 1 0
github.com/clearmatics/autonity/accounts/manager.go:182.3,182.71 1 0
github.com/clearmatics/autonity/accounts/manager.go:177.49,177.97 1 0
github.com/clearmatics/autonity/accounts/manager.go:178.22,180.12 2 0
github.com/clearmatics/autonity/accounts/manager.go:189.55,190.33 1 0
github.com/clearmatics/autonity/accounts/manager.go:198.2,198.14 1 0
github.com/clearmatics/autonity/accounts/manager.go:190.33,191.49 1 0
github.com/clearmatics/autonity/accounts/manager.go:192.3,192.22 1 0
github.com/clearmatics/autonity/accounts/manager.go:196.3,196.44 1 0
github.com/clearmatics/autonity/accounts/manager.go:191.49,191.97 1 0
github.com/clearmatics/autonity/accounts/manager.go:192.22,194.12 1 0
github.com/clearmatics/autonity/accounts/url.go:44.40,46.39 2 3
github.com/clearmatics/autonity/accounts/url.go:49.2,52.8 1 2
github.com/clearmatics/autonity/accounts/url.go:46.39,48.3 1 1
github.com/clearmatics/autonity/accounts/url.go:56.30,57.20 1 3
github.com/clearmatics/autonity/accounts/url.go:60.2,60.15 1 1
github.com/clearmatics/autonity/accounts/url.go:57.20,59.3 1 2
github.com/clearmatics/autonity/accounts/url.go:64.38,66.19 2 0
github.com/clearmatics/autonity/accounts/url.go:69.2,69.12 1 0
github.com/clearmatics/autonity/accounts/url.go:66.19,68.3 1 0
github.com/clearmatics/autonity/accounts/url.go:73.44,75.2 1 1
github.com/clearmatics/autonity/accounts/url.go:78.49,81.16 3 1
github.com/clearmatics/autonity/accounts/url.go:84.2,85.16 2 1
github.com/clearmatics/autonity/accounts/url.go:88.2,90.12 3 1
github.com/clearmatics/autonity/accounts/url.go:81.16,83.3 1 0
github.com/clearmatics/autonity/accounts/url.go:85.16,87.3 1 0
github.com/clearmatics/autonity/accounts/url.go:99.31,100.28 1 4
github.com/clearmatics/autonity/accounts/url.go:103.2,103.46 1 1
github.com/clearmatics/autonity/accounts/url.go:100.28,102.3 1 3
github.com/clearmatics/autonity/accounts/errors.go:59.46,63.2 1 0
github.com/clearmatics/autonity/accounts/errors.go:66.44,68.2 1 0
github.com/clearmatics/autonity/accounts/abi/abi.go:36.42,40.41 3 79
github.com/clearmatics/autonity/accounts/abi/abi.go:44.2,44.17 1 79
github.com/clearmatics/autonity/accounts/abi/abi.go:40.41,42.3 1 0
github.com/clearmatics/autonity/accounts/abi/abi.go:52.71,54.16 1 27
github.com/clearmatics/autonity/accounts/abi/abi.go:63.2,64.12 2 27
github.com/clearmatics/autonity/accounts/abi/abi.go:68.2,69.16 2 25
github.com/clearmatics/autonity/accounts/abi/abi.go:73.2,73.47 1 23
github.com/clearmatics/autonity/accounts/abi/abi.go:54.16,57.17 2 0
github.com/clearmatics/autonity/accounts/abi/abi.go:60.3,60.24 1 0
github.com/clearmatics/autonity/accounts/abi/abi.go:57.17,59.4 1 0
github.com/clearmatics/autonity/accounts/abi/abi.go:64.12,66.3 1 2
github.com/clearmatics/autonity/accounts/abi/abi.go:69.16,71.3 1 2
github.com/clearmatics/autonity/accounts/abi/abi.go:77.78,78.22 1 92
github.com/clearmatics/autonity/accounts/abi/abi.go:83.2,83.41 1 91
github.com/clearmatics/autonity/accounts/abi/abi.go:91.2,91.66 1 0
github.com/clearmatics/autonity/accounts/abi/abi.go:78.22,80.3 1 1
github.com/clearmatics/autonity/accounts/abi/abi.go:83.41,84.26 1 72
github.com/clearmatics/autonity/accounts/abi/abi.go:87.3,87.42 1 72
github.com/clearmatics/autonity/accounts/abi/abi.go:84.26,86.4 1 0
github.com/clearmatics/autonity/accounts/abi/abi.go:88.8,88.46 1 19
github.com/clearmatics/autonity/accounts/abi/abi.go:88.46,90.3 1 19
github.com/clearmatics/autonity/accounts/abi/abi.go:95.50,105.54 2 79
github.com/clearmatics/autonity/accounts/abi/abi.go:109.2,111.31 3 79
github.com/clearmatics/autonity/accounts/abi/abi.go:134.2,134.12 1 79
github.com/clearmatics/autonity/accounts/abi/abi.go:105.54,107.3 1 0
github.com/clearmatics/autonity/accounts/abi/abi.go:111.31,112.21 1 197
github.com/clearmatics/autonity/accounts/abi/abi.go:113.22,116.5 1 0
github.com/clearmatics/autonity/accounts/abi/abi.go:118.23,124.5 1 186
github.com/clearmatics/autonity/accounts/abi/abi.go:125.16,130.5 1 11
github.com/clearmatics/autonity/accounts/abi/abi.go:139.61,140.22 1 23
github.com/clearmatics/autonity/accounts/abi/abi.go:143.2,143.37 1 20
github.com/clearmatics/autonity/accounts/abi/abi.go:148.2,148.63 1 0
github.com/clearmatics/autonity/accounts/abi/abi.go:140.22,142.3 1 3
github.com/clearmatics/autonity/accounts/abi/abi.go:143.37,144.44 1 131
github.com/clearmatics/autonity/accounts/abi/abi.go:144.44,146.4 1 20
github.com/clearmatics/autonity/accounts/abi/error.go:31.65,32.21 1 8
github.com/clearmatics/autonity/accounts/abi/error.go:35.2,35.47 1 8
github.com/clearmatics/autonity/accounts/abi/error.go:32.21,34.3 1 0
github.com/clearmatics/autonity/accounts/abi/error.go:40.54,41.64 1 90
github.com/clearmatics/autonity/accounts/abi/error.go:45.2,45.43 1 90
github.com/clearmatics/autonity/accounts/abi/error.go:49.2,49.25 1 87
github.com/clearmatics/autonity/accounts/abi/error.go:57.2,57.67 1 70
github.com/clearmatics/autonity/accounts/abi/error.go:60.2,60.12 1 68
github.com/clearmatics/autonity/accounts/abi/error.go:41.64,43.3 1 0
github.com/clearmatics/autonity/accounts/abi/error.go:45.43,47.3 1 3
github.com/clearmatics/autonity/accounts/abi/error.go:49.25,50.20 1 7
github.com/clearmatics/autonity/accounts/abi/error.go:50.20,52.4 1 6
github.com/clearmatics/autonity/accounts/abi/error.go:53.8,53.32 1 80
github.com/clearmatics/autonity/accounts/abi/error.go:53.32,55.3 1 11
github.com/clearmatics/autonity/accounts/abi/error.go:57.67,59.3 1 2
github.com/clearmatics/autonity/accounts/abi/error.go:65.51,66.38 1 362
github.com/clearmatics/autonity/accounts/abi/error.go:71.2,71.28 1 289
github.com/clearmatics/autonity/accounts/abi/error.go:66.38,68.3 1 73
github.com/clearmatics/autonity/accounts/abi/error.go:71.28,73.3 1 13
github.com/clearmatics/autonity/accounts/abi/error.go:73.8,73.57 1 276
github.com/clearmatics/autonity/accounts/abi/error.go:73.57,75.3 1 3
github.com/clearmatics/autonity/accounts/abi/error.go:75.8,77.3 1 273
github.com/clearmatics/autonity/accounts/abi/error.go:82.47,84.2 1 21
github.com/clearmatics/autonity/accounts/abi/event.go:36.32,38.33 2 0
github.com/clearmatics/autonity/accounts/abi/event.go:44.2,44.68 1 0
github.com/clearmatics/autonity/accounts/abi/event.go:38.33,40.20 2 0
github.com/clearmatics/autonity/accounts/abi/event.go:40.20,42.4 1 0
github.com/clearmatics/autonity/accounts/abi/event.go:49.33,52.33 3 2
github.com/clearmatics/autonity/accounts/abi/event.go:56.2,56.110 1 2
github.com/clearmatics/autonity/accounts/abi/event.go:52.33,55.3 2 3
github.com/clearmatics/autonity/accounts/abi/reflect.go:27.46,28.61 1 226
github.com/clearmatics/autonity/accounts/abi/reflect.go:31.2,31.10 1 225
github.com/clearmatics/autonity/accounts/abi/reflect.go:28.61,30.3 1 1
github.com/clearmatics/autonity/accounts/abi/reflect.go:36.82,37.14 1 306
github.com/clearmatics/autonity/accounts/abi/reflect.go:59.2,59.26 1 150
github.com/clearmatics/autonity/accounts/abi/reflect.go:38.9,39.15 1 40
github.com/clearmatics/autonity/accounts/abi/reflect.go:42.3,42.29 1 8
github.com/clearmatics/autonity/accounts/abi/reflect.go:43.10,44.15 1 32
github.com/clearmatics/autonity/accounts/abi/reflect.go:47.3,47.31 1 8
github.com/clearmatics/autonity/accounts/abi/reflect.go:48.10,49.15 1 50
github.com/clearmatics/autonity/accounts/abi/reflect.go:52.3,52.31 1 10
github.com/clearmatics/autonity/accounts/abi/reflect.go:53.10,54.15 1 34
github.com/clearmatics/autonity/accounts/abi/reflect.go:57.3,57.31 1 8
github.com/clearmatics/autonity/accounts/abi/reflect.go:39.15,41.4 1 32
github.com/clearmatics/autonity/accounts/abi/reflect.go:44.15,46.4 1 24
github.com/clearmatics/autonity/accounts/abi/reflect.go:49.15,51.4 1 40
github.com/clearmatics/autonity/accounts/abi/reflect.go:54.15,56.4 1 26
github.com/clearmatics/autonity/accounts/abi/reflect.go:64.62,68.2 3 61
github.com/clearmatics/autonity/accounts/abi/reflect.go:74.57,77.9 3 113
github.com/clearmatics/autonity/accounts/abi/reflect.go:87.2,87.12 1 85
github.com/clearmatics/autonity/accounts/abi/reflect.go:78.37,79.15 1 85
github.com/clearmatics/autonity/accounts/abi/reflect.go:80.43,81.15 1 0
github.com/clearmatics/autonity/accounts/abi/reflect.go:82.37,83.38 1 19
github.com/clearmatics/autonity/accounts/abi/reflect.go:84.10,85.81 1 9
github.com/clearmatics/autonity/accounts/abi/reflect.go:91.54,92.66 1 20
github.com/clearmatics/autonity/accounts/abi/reflect.go:95.2,95.12 1 19
github.com/clearmatics/autonity/accounts/abi/reflect.go:92.66,94.3 1 1
github.com/clearmatics/autonity/accounts/abi/reflect.go:100.24,102.11 1 34
github.com/clearmatics/autonity/accounts/abi/reflect.go:112.2,112.12 1 31
github.com/clearmatics/autonity/accounts/abi/reflect.go:103.22,103.22 0 20
github.com/clearmatics/autonity/accounts/abi/reflect.go:104.36,105.58 1 13
github.com/clearmatics/autonity/accounts/abi/reflect.go:109.10,110.62 1 1
github.com/clearmatics/autonity/accounts/abi/reflect.go:105.58,108.4 1 2
github.com/clearmatics/autonity/accounts/abi/reflect.go:121.91,129.38 4 21
github.com/clearmatics/autonity/accounts/abi/reflect.go:171.2,171.27 1 19
github.com/clearmatics/autonity/accounts/abi/reflect.go:211.2,211.24 1 14
github.com/clearmatics/autonity/accounts/abi/reflect.go:129.38,133.66 2 43
github.com/clearmatics/autonity/accounts/abi/reflect.go:138.3,140.56 3 42
github.com/clearmatics/autonity/accounts/abi/reflect.go:145.3,145.20 1 8
github.com/clearmatics/autonity/accounts/abi/reflect.go:150.3,151.46 2 7
github.com/clearmatics/autonity/accounts/abi/reflect.go:164.3,164.13 1 6
github.com/clearmatics/autonity/accounts/abi/reflect.go:133.66,134.12 1 1
github.com/clearmatics/autonity/accounts/abi/reflect.go:140.56,141.12 1 34
github.com/clearmatics/autonity/accounts/abi/reflect.go:145.20,147.4 1 1
github.com/clearmatics/autonity/accounts/abi/reflect.go:151.46,152.32 1 13
github.com/clearmatics/autonity/accounts/abi/reflect.go:152.32,153.40 1 7
github.com/clearmatics/autonity/accounts/abi/reflect.go:157.5,159.17 3 6
github.com/clearmatics/autonity/accounts/abi/reflect.go:153.40,155.6 1 1
github.com/clearmatics/autonity/accounts/abi/reflect.go:164.13,166.4 1 0
github.com/clearmatics/autonity/accounts/abi/reflect.go:171.27,176.28 3 44
github.com/clearmatics/autonity/accounts/abi/reflect.go:184.3,184.37 1 43
github.com/clearmatics/autonity/accounts/abi/reflect.go:194.3,194.40 1 38
github.com/clearmatics/autonity/accounts/abi/reflect.go:198.3,198.51 1 35
github.com/clearmatics/autonity/accounts/abi/reflect.go:176.28,178.4 1 1
github.com/clearmatics/autonity/accounts/abi/reflect.go:184.37,187.50 1 5
github.com/clearmatics/autonity/accounts/abi/reflect.go:190.4,190.12 1 4
github.com/clearmatics/autonity/accounts/abi/reflect.go:187.50,189.5 1 1
github.com/clearmatics/autonity/accounts/abi/reflect.go:194.40,196.4 1 3
github.com/clearmatics/autonity/accounts/abi/reflect.go:198.51,202.4 2 23
github.com/clearmatics/autonity/accounts/abi/reflect.go:202.9,207.4 1 12
github.com/clearmatics/autonity/accounts/abi/type.go:61.46,63.52 1 759
github.com/clearmatics/autonity/accounts/abi/type.go:67.2,71.32 2 758
github.com/clearmatics/autonity/accounts/abi/type.go:106.2,107.23 2 543
github.com/clearmatics/autonity/accounts/abi/type.go:110.2,114.28 3 543
github.com/clearmatics/autonity/accounts/abi/type.go:128.2,128.43 1 541
github.com/clearmatics/autonity/accounts/abi/type.go:170.2,170.8 1 539
github.com/clearmatics/autonity/accounts/abi/type.go:63.52,65.3 1 1
github.com/clearmatics/autonity/accounts/abi/type.go:71.32,75.17 3 215
github.com/clearmatics/autonity/accounts/abi/type.go:79.3,84.21 4 214
github.com/clearmatics/autonity/accounts/abi/type.go:103.3,103.18 1 214
github.com/clearmatics/autonity/accounts/abi/type.go:75.17,77.4 1 1
github.com/clearmatics/autonity/accounts/abi/type.go:84.21,90.4 4 110
github.com/clearmatics/autonity/accounts/abi/type.go:90.9,90.28 1 104
github.com/clearmatics/autonity/accounts/abi/type.go:90.28,96.18 5 104
github.com/clearmatics/autonity/accounts/abi/type.go:99.4,99.59 1 104
github.com/clearmatics/autonity/accounts/abi/type.go:96.18,98.5 1 0
github.com/clearmatics/autonity/accounts/abi/type.go:100.9,102.4 1 0
github.com/clearmatics/autonity/accounts/abi/type.go:107.23,109.3 1 0
github.com/clearmatics/autonity/accounts/abi/type.go:114.28,117.17 3 396
github.com/clearmatics/autonity/accounts/abi/type.go:117.17,119.4 1 0
github.com/clearmatics/autonity/accounts/abi/type.go:120.8,121.56 1 147
github.com/clearmatics/autonity/accounts/abi/type.go:121.56,125.4 1 2
github.com/clearmatics/autonity/accounts/abi/type.go:129.13,132.16 3 82
github.com/clearmatics/autonity/accounts/abi/type.go:133.14,136.17 3 224
github.com/clearmatics/autonity/accounts/abi/type.go:137.14,140.41 3 24
github.com/clearmatics/autonity/accounts/abi/type.go:141.17,145.20 4 68
github.com/clearmatics/autonity/accounts/abi/type.go:146.16,149.19 3 30
github.com/clearmatics/autonity/accounts/abi/type.go:150.15,151.19 1 108
github.com/clearmatics/autonity/accounts/abi/type.go:161.18,165.58 4 3
github.com/clearmatics/autonity/accounts/abi/type.go:166.10,167.59 1 2
github.com/clearmatics/autonity/accounts/abi/type.go:151.19,155.4 3 18
github.com/clearmatics/autonity/accounts/abi/type.go:155.9,160.4 4 90
github.com/clearmatics/autonity/accounts/abi/type.go:174.37,176.2 1 340
github.com/clearmatics/autonity/accounts/abi/type.go:178.53,182.40 2 225
github.com/clearmatics/autonity/accounts/abi/type.go:186.2,186.13 1 224
github.com/clearmatics/autonity/accounts/abi/type.go:182.40,184.3 1 1
github.com/clearmatics/autonity/accounts/abi/type.go:187.24,190.31 2 56
github.com/clearmatics/autonity/accounts/abi/type.go:196.3,198.16 3 56
github.com/clearmatics/autonity/accounts/abi/type.go:201.3,202.32 2 56
github.com/clearmatics/autonity/accounts/abi/type.go:215.3,215.35 1 56
github.com/clearmatics/autonity/accounts/abi/type.go:216.10,217.32 1 168
github.com/clearmatics/autonity/accounts/abi/type.go:190.31,193.4 1 24
github.com/clearmatics/autonity/accounts/abi/type.go:198.16,200.4 1 4
github.com/clearmatics/autonity/accounts/abi/type.go:202.32,204.18 2 125
github.com/clearmatics/autonity/accounts/abi/type.go:207.4,207.18 1 125
github.com/clearmatics/autonity/accounts/abi/type.go:211.4,213.31 3 8
github.com/clearmatics/autonity/accounts/abi/type.go:204.18,206.5 1 0
github.com/clearmatics/autonity/accounts/abi/type.go:207.18,209.13 2 117
github.com/clearmatics/autonity/accounts/abi/type.go:223.43,225.2 1 338
github.com/clearmatics/autonity/accounts/abi/type.go:231.33,235.2 1 119
github.com/clearmatics/autonity/accounts/abi/type.go:242.39,245.47 1 41
github.com/clearmatics/autonity/accounts/abi/type.go:248.2,248.11 1 31
github.com/clearmatics/autonity/accounts/abi/type.go:245.47,247.3 1 10
github.com/clearmatics/autonity/accounts/abi/unpack.go:38.69,39.14 1 157
github.com/clearmatics/autonity/accounts/abi/unpack.go:40.21,41.21 1 20
github.com/clearmatics/autonity/accounts/abi/unpack.go:42.22,43.47 1 4
github.com/clearmatics/autonity/accounts/abi/unpack.go:44.22,45.47 1 30
github.com/clearmatics/autonity/accounts/abi/unpack.go:46.22,47.47 1 33
github.com/clearmatics/autonity/accounts/abi/unpack.go:48.20,49.27 1 4
github.com/clearmatics/autonity/accounts/abi/unpack.go:50.21,51.54 1 4
github.com/clearmatics/autonity/accounts/abi/unpack.go:52.21,53.54 1 6
github.com/clearmatics/autonity/accounts/abi/unpack.go:54.21,55.54 1 4
github.com/clearmatics/autonity/accounts/abi/unpack.go:56.10,61.20 2 52
github.com/clearmatics/autonity/accounts/abi/unpack.go:65.3,65.29 1 18
github.com/clearmatics/autonity/accounts/abi/unpack.go:70.3,70.13 1 18
github.com/clearmatics/autonity/accounts/abi/unpack.go:61.20,63.4 1 34
github.com/clearmatics/autonity/accounts/abi/unpack.go:65.29,69.4 3 1
github.com/clearmatics/autonity/accounts/abi/unpack.go:75.42,76.30 1 5
github.com/clearmatics/autonity/accounts/abi/unpack.go:81.2,81.18 1 4
github.com/clearmatics/autonity/accounts/abi/unpack.go:76.30,77.13 1 150
github.com/clearmatics/autonity/accounts/abi/unpack.go:77.13,79.4 1 1
github.com/clearmatics/autonity/accounts/abi/unpack.go:82.9,83.20 1 1
github.com/clearmatics/autonity/accounts/abi/unpack.go:84.9,85.19 1 2
github.com/clearmatics/autonity/accounts/abi/unpack.go:86.10,87.27 1 1
github.com/clearmatics/autonity/accounts/abi/unpack.go:93.73,94.23 1 1
github.com/clearmatics/autonity/accounts/abi/unpack.go:97.2,97.67 1 1
github.com/clearmatics/autonity/accounts/abi/unpack.go:102.2,102.8 1 1
github.com/clearmatics/autonity/accounts/abi/unpack.go:94.23,96.3 1 0
github.com/clearmatics/autonity/accounts/abi/unpack.go:97.67,99.3 1 0
github.com/clearmatics/autonity/accounts/abi/unpack.go:99.8,101.3 1 1
github.com/clearmatics/autonity/accounts/abi/unpack.go:106.63,107.25 1 12
github.com/clearmatics/autonity/accounts/abi/unpack.go:111.2,114.31 3 12
github.com/clearmatics/autonity/accounts/abi/unpack.go:107.25,109.3 1 0
github.com/clearmatics/autonity/accounts/abi/unpack.go:118.38,122.24 2 48
github.com/clearmatics/autonity/accounts/abi/unpack.go:126.2,126.13 1 48
github.com/clearmatics/autonity/accounts/abi/unpack.go:122.24,125.3 2 13
github.com/clearmatics/autonity/accounts/abi/unpack.go:130.81,131.14 1 68
github.com/clearmatics/autonity/accounts/abi/unpack.go:134.2,134.33 1 68
github.com/clearmatics/autonity/accounts/abi/unpack.go:139.2,141.20 2 67
github.com/clearmatics/autonity/accounts/abi/unpack.go:153.2,154.20 2 67
github.com/clearmatics/autonity/accounts/abi/unpack.go:158.2,158.57 1 67
github.com/clearmatics/autonity/accounts/abi/unpack.go:177.2,177.34 1 67
github.com/clearmatics/autonity/accounts/abi/unpack.go:131.14,133.3 1 0
github.com/clearmatics/autonity/accounts/abi/unpack.go:134.33,136.3 1 1
github.com/clearmatics/autonity/accounts/abi/unpack.go:141.20,144.3 1 19
github.com/clearmatics/autonity/accounts/abi/unpack.go:144.8,144.27 1 48
github.com/clearmatics/autonity/accounts/abi/unpack.go:144.27,147.3 1 48
github.com/clearmatics/autonity/accounts/abi/unpack.go:147.8,149.3 1 0
github.com/clearmatics/autonity/accounts/abi/unpack.go:154.20,156.3 1 48
github.com/clearmatics/autonity/accounts/abi/unpack.go:158.57,161.44 3 149
github.com/clearmatics/autonity/accounts/abi/unpack.go:168.3,168.17 1 149
github.com/clearmatics/autonity/accounts/abi/unpack.go:173.3,173.48 1 149
github.com/clearmatics/autonity/accounts/abi/unpack.go:161.44,165.4 3 0
github.com/clearmatics/autonity/accounts/abi/unpack.go:165.9,167.4 1 149
github.com/clearmatics/autonity/accounts/abi/unpack.go:168.17,170.4 1 0
github.com/clearmatics/autonity/accounts/abi/unpack.go:182.86,183.28 1 282
github.com/clearmatics/autonity/accounts/abi/unpack.go:187.2,194.30 2 282
github.com/clearmatics/autonity/accounts/abi/unpack.go:209.2,209.13 1 274
github.com/clearmatics/autonity/accounts/abi/unpack.go:183.28,185.3 1 0
github.com/clearmatics/autonity/accounts/abi/unpack.go:194.30,195.16 1 45
github.com/clearmatics/autonity/accounts/abi/unpack.go:202.3,202.17 1 45
github.com/clearmatics/autonity/accounts/abi/unpack.go:195.16,198.4 2 0
github.com/clearmatics/autonity/accounts/abi/unpack.go:198.8,200.4 1 45
github.com/clearmatics/autonity/accounts/abi/unpack.go:202.17,204.4 1 8
github.com/clearmatics/autonity/accounts/abi/unpack.go:205.8,207.3 1 237
github.com/clearmatics/autonity/accounts/abi/unpack.go:210.15,211.46 1 20
github.com/clearmatics/autonity/accounts/abi/unpack.go:212.15,213.49 1 48
github.com/clearmatics/autonity/accounts/abi/unpack.go:214.16,215.48 1 7
github.com/clearmatics/autonity/accounts/abi/unpack.go:216.21,217.53 1 157
github.com/clearmatics/autonity/accounts/abi/unpack.go:218.14,219.32 1 5
github.com/clearmatics/autonity/accounts/abi/unpack.go:220.17,221.50 1 14
github.com/clearmatics/autonity/accounts/abi/unpack.go:222.14,223.47 1 0
github.com/clearmatics/autonity/accounts/abi/unpack.go:224.15,225.40 1 10
github.com/clearmatics/autonity/accounts/abi/unpack.go:226.20,227.41 1 12
github.com/clearmatics/autonity/accounts/abi/unpack.go:228.18,229.43 1 1
github.com/clearmatics/autonity/accounts/abi/unpack.go:230.10,231.54 1 0
github.com/clearmatics/autonity/accounts/abi/unpack.go:236.88,241.40 4 45
github.com/clearmatics/autonity/accounts/abi/unpack.go:245.2,245.32 1 40
github.com/clearmatics/autonity/accounts/abi/unpack.go:249.2,255.29 6 40
github.com/clearmatics/autonity/accounts/abi/unpack.go:259.2,259.37 1 38
github.com/clearmatics/autonity/accounts/abi/unpack.go:262.2,264.8 3 37
github.com/clearmatics/autonity/accounts/abi/unpack.go:241.40,243.3 1 5
github.com/clearmatics/autonity/accounts/abi/unpack.go:245.32,247.3 1 0
github.com/clearmatics/autonity/accounts/abi/unpack.go:255.29,257.3 1 2
github.com/clearmatics/autonity/accounts/abi/unpack.go:259.37,261.3 1 1
github.com/clearmatics/autonity/accounts/abi/argument.go:37.60,44.16 3 282
github.com/clearmatics/autonity/accounts/abi/argument.go:48.2,49.16 2 282
github.com/clearmatics/autonity/accounts/abi/argument.go:52.2,55.12 3 282
github.com/clearmatics/autonity/accounts/abi/argument.go:44.16,46.3 1 0
github.com/clearmatics/autonity/accounts/abi/argument.go:49.16,51.3 1 0
github.com/clearmatics/autonity/accounts/abi/argument.go:60.51,62.32 2 111
github.com/clearmatics/autonity/accounts/abi/argument.go:67.2,67.12 1 111
github.com/clearmatics/autonity/accounts/abi/argument.go:62.32,63.19 1 178
github.com/clearmatics/autonity/accounts/abi/argument.go:63.19,65.4 1 162
github.com/clearmatics/autonity/accounts/abi/argument.go:71.51,73.32 2 182
github.com/clearmatics/autonity/accounts/abi/argument.go:78.2,78.12 1 182
github.com/clearmatics/autonity/accounts/abi/argument.go:73.32,74.19 1 279
github.com/clearmatics/autonity/accounts/abi/argument.go:74.19,76.4 1 249
github.com/clearmatics/autonity/accounts/abi/argument.go:82.43,84.2 1 87
github.com/clearmatics/autonity/accounts/abi/argument.go:87.69,90.46 1 91
github.com/clearmatics/autonity/accounts/abi/argument.go:93.2,94.16 2 91
github.com/clearmatics/autonity/accounts/abi/argument.go:97.2,97.25 1 87
github.com/clearmatics/autonity/accounts/abi/argument.go:100.2,100.52 1 53
github.com/clearmatics/autonity/accounts/abi/argument.go:90.46,92.3 1 0
github.com/clearmatics/autonity/accounts/abi/argument.go:94.16,96.3 1 4
github.com/clearmatics/autonity/accounts/abi/argument.go:97.25,99.3 1 34
github.com/clearmatics/autonity/accounts/abi/argument.go:103.93,111.71 2 34
github.com/clearmatics/autonity/accounts/abi/argument.go:117.2,118.28 2 31
github.com/clearmatics/autonity/accounts/abi/argument.go:125.2,125.45 1 24
github.com/clearmatics/autonity/accounts/abi/argument.go:152.2,152.12 1 20
github.com/clearmatics/autonity/accounts/abi/argument.go:111.71,113.3 1 3
github.com/clearmatics/autonity/accounts/abi/argument.go:118.28,121.17 3 20
github.com/clearmatics/autonity/accounts/abi/argument.go:121.17,123.4 1 7
github.com/clearmatics/autonity/accounts/abi/argument.go:125.45,129.15 2 44
github.com/clearmatics/autonity/accounts/abi/argument.go:130.23,131.51 1 24
github.com/clearmatics/autonity/accounts/abi/argument.go:136.37,137.23 1 20
github.com/clearmatics/autonity/accounts/abi/argument.go:140.4,141.61 2 20
github.com/clearmatics/autonity/accounts/abi/argument.go:145.4,145.59 1 19
github.com/clearmatics/autonity/accounts/abi/argument.go:148.11,149.69 1 0
github.com/clearmatics/autonity/accounts/abi/argument.go:131.51,132.82 1 23
github.com/clearmatics/autonity/accounts/abi/argument.go:132.82,134.6 1 1
github.com/clearmatics/autonity/accounts/abi/argument.go:137.23,139.5 1 0
github.com/clearmatics/autonity/accounts/abi/argument.go:141.61,143.5 1 1
github.com/clearmatics/autonity/accounts/abi/argument.go:145.59,147.5 1 2
github.com/clearmatics/autonity/accounts/abi/argument.go:156.94,157.32 1 53
github.com/clearmatics/autonity/accounts/abi/argument.go:161.2,166.28 5 53
github.com/clearmatics/autonity/accounts/abi/argument.go:178.2,178.59 1 52
github.com/clearmatics/autonity/accounts/abi/argument.go:157.32,159.3 1 0
github.com/clearmatics/autonity/accounts/abi/argument.go:166.28,168.74 2 1
github.com/clearmatics/autonity/accounts/abi/argument.go:171.3,172.50 2 1
github.com/clearmatics/autonity/accounts/abi/argument.go:175.3,175.13 1 1
github.com/clearmatics/autonity/accounts/abi/argument.go:168.74,170.4 1 0
github.com/clearmatics/autonity/accounts/abi/argument.go:172.50,174.4 1 0
github.com/clearmatics/autonity/accounts/abi/argument.go:184.34,188.23 3 17
github.com/clearmatics/autonity/accounts/abi/argument.go:194.2,194.13 1 17
github.com/clearmatics/autonity/accounts/abi/argument.go:188.23,192.3 2 5
github.com/clearmatics/autonity/accounts/abi/argument.go:200.77,203.49 3 98
github.com/clearmatics/autonity/accounts/abi/argument.go:223.2,223.20 1 87
github.com/clearmatics/autonity/accounts/abi/argument.go:203.49,205.28 2 133
github.com/clearmatics/autonity/accounts/abi/argument.go:218.3,218.17 1 133
github.com/clearmatics/autonity/accounts/abi/argument.go:221.3,221.43 1 122
github.com/clearmatics/autonity/accounts/abi/argument.go:205.28,217.4 1 17
github.com/clearmatics/autonity/accounts/abi/argument.go:218.17,220.4 1 11
github.com/clearmatics/autonity/accounts/abi/argument.go:228.75,230.2 1 0
github.com/clearmatics/autonity/accounts/abi/argument.go:233.70,236.31 2 25
github.com/clearmatics/autonity/accounts/abi/argument.go:241.2,245.33 3 24
github.com/clearmatics/autonity/accounts/abi/argument.go:248.2,249.25 2 24
github.com/clearmatics/autonity/accounts/abi/argument.go:270.2,272.17 2 23
github.com/clearmatics/autonity/accounts/abi/argument.go:236.31,238.3 1 1
github.com/clearmatics/autonity/accounts/abi/argument.go:245.33,247.3 1 37
github.com/clearmatics/autonity/accounts/abi/argument.go:249.25,253.17 3 37
github.com/clearmatics/autonity/accounts/abi/argument.go:257.3,257.32 1 36
github.com/clearmatics/autonity/accounts/abi/argument.go:253.17,255.4 1 1
github.com/clearmatics/autonity/accounts/abi/argument.go:257.32,264.4 3 20
github.com/clearmatics/autonity/accounts/abi/argument.go:264.9,267.4 1 16
github.com/clearmatics/autonity/accounts/abi/argument.go:277.38,278.40 1 44
github.com/clearmatics/autonity/accounts/abi/argument.go:281.2,281.21 1 44
github.com/clearmatics/autonity/accounts/abi/argument.go:284.2,284.47 1 43
github.com/clearmatics/autonity/accounts/abi/argument.go:278.40,280.3 1 4
github.com/clearmatics/autonity/accounts/abi/argument.go:281.21,283.3 1 1
github.com/clearmatics/autonity/accounts/abi/method.go:48.35,50.38 2 181
github.com/clearmatics/autonity/accounts/abi/method.go:53.2,53.69 1 181
github.com/clearmatics/autonity/accounts/abi/method.go:50.38,52.3 1 277
github.com/clearmatics/autonity/accounts/abi/method.go:56.38,58.38 2 40
github.com/clearmatics/autonity/accounts/abi/method.go:61.2,62.40 2 40
github.com/clearmatics/autonity/accounts/abi/method.go:68.2,69.18 2 40
github.com/clearmatics/autonity/accounts/abi/method.go:72.2,72.133 1 40
github.com/clearmatics/autonity/accounts/abi/method.go:58.38,60.3 1 60
github.com/clearmatics/autonity/accounts/abi/method.go:62.40,63.27 1 0
github.com/clearmatics/autonity/accounts/abi/method.go:66.3,66.37 1 0
github.com/clearmatics/autonity/accounts/abi/method.go:63.27,65.4 1 0
github.com/clearmatics/autonity/accounts/abi/method.go:69.18,71.3 1 12
github.com/clearmatics/autonity/accounts/abi/method.go:75.34,77.2 1 179
github.com/clearmatics/autonity/accounts/abi/numbers.go:42.30,44.2 1 181
github.com/clearmatics/autonity/accounts/abi/pack.go:29.49,32.2 2 19
github.com/clearmatics/autonity/accounts/abi/pack.go:36.61,37.13 1 168
github.com/clearmatics/autonity/accounts/abi/pack.go:38.21,39.31 1 87
github.com/clearmatics/autonity/accounts/abi/pack.go:40.16,41.75 1 17
github.com/clearmatics/autonity/accounts/abi/pack.go:42.17,43.43 1 9
github.com/clearmatics/autonity/accounts/abi/pack.go:47.3,47.55 1 9
github.com/clearmatics/autonity/accounts/abi/pack.go:48.14,49.26 1 1
github.com/clearmatics/autonity/accounts/abi/pack.go:52.3,52.46 1 0
github.com/clearmatics/autonity/accounts/abi/pack.go:53.15,54.43 1 2
github.com/clearmatics/autonity/accounts/abi/pack.go:57.3,57.66 1 2
github.com/clearmatics/autonity/accounts/abi/pack.go:58.32,59.43 1 52
github.com/clearmatics/autonity/accounts/abi/pack.go:62.3,62.56 1 52
github.com/clearmatics/autonity/accounts/abi/pack.go:63.10,64.28 1 0
github.com/clearmatics/autonity/accounts/abi/pack.go:43.43,45.4 1 9
github.com/clearmatics/autonity/accounts/abi/pack.go:49.26,51.4 1 1
github.com/clearmatics/autonity/accounts/abi/pack.go:54.43,56.4 1 0
github.com/clearmatics/autonity/accounts/abi/pack.go:59.43,61.4 1 52
github.com/clearmatics/autonity/accounts/abi/pack.go:69.42,70.36 1 179
github.com/clearmatics/autonity/accounts/abi/pack.go:71.83,72.52 1 53
github.com/clearmatics/autonity/accounts/abi/pack.go:73.78,74.39 1 96
github.com/clearmatics/autonity/accounts/abi/pack.go:75.19,76.44 1 30
github.com/clearmatics/autonity/accounts/abi/pack.go:77.10,78.28 1 0
github.com/clearmatics/autonity/accounts/abi/bind/auth.go:33.79,35.16 2 0
github.com/clearmatics/autonity/accounts/abi/bind/auth.go:38.2,39.16 2 0
github.com/clearmatics/autonity/accounts/abi/bind/auth.go:42.2,42.48 1 0
github.com/clearmatics/autonity/accounts/abi/bind/auth.go:35.16,37.3 1 0
github.com/clearmatics/autonity/accounts/abi/bind/auth.go:39.16,41.3 1 0
github.com/clearmatics/autonity/accounts/abi/bind/auth.go:47.62,51.112 2 0
github.com/clearmatics/autonity/accounts/abi/bind/auth.go:51.112,52.26 1 0
github.com/clearmatics/autonity/accounts/abi/bind/auth.go:55.4,56.18 2 0
github.com/clearmatics/autonity/accounts/abi/bind/auth.go:59.4,59.46 1 0
github.com/clearmatics/autonity/accounts/abi/bind/auth.go:52.26,54.5 1 0
github.com/clearmatics/autonity/accounts/abi/bind/auth.go:56.18,58.5 1 0
github.com/clearmatics/autonity/accounts/abi/bind/base.go:88.156,96.2 1 0
github.com/clearmatics/autonity/accounts/abi/bind/base.go:100.179,105.16 3 0
github.com/clearmatics/autonity/accounts/abi/bind/base.go:108.2,109.16 2 0
github.com/clearmatics/autonity/accounts/abi/bind/base.go:112.2,113.30 2 0
github.com/clearmatics/autonity/accounts/abi/bind/base.go:105.16,107.3 1 0
github.com/clearmatics/autonity/accounts/abi/bind/base.go:109.16,111.3 1 0
github.com/clearmatics/autonity/accounts/abi/bind/base.go:120.110,122.17 1 0
github.com/clearmatics/autonity/accounts/abi/bind/base.go:126.2,127.16 2 0
github.com/clearmatics/autonity/accounts/abi/bind/base.go:130.2,136.18 2 0
github.com/clearmatics/autonity/accounts/abi/bind/base.go:161.2,161.16 1 0
github.com/clearmatics/autonity/accounts/abi/bind/base.go:164.2,164.45 1 0
github.com/clearmatics/autonity/accounts/abi/bind/base.go:122.17,124.3 1 0
github.com/clearmatics/autonity/accounts/abi/bind/base.go:127.16,129.3 1 0
github.com/clearmatics/autonity/accounts/abi/bind/base.go:136.18,138.10 2 0
github.com/clearmatics/autonity/accounts/abi/bind/base.go:141.3,142.37 2 0
github.com/clearmatics/autonity/accounts/abi/bind/base.go:138.10,140.4 1 0
github.com/clearmatics/autonity/accounts/abi/bind/base.go:142.37,144.64 1 0
github.com/clearmatics/autonity/accounts/abi/bind/base.go:144.64,146.5 1 0
github.com/clearmatics/autonity/accounts/abi/bind/base.go:146.10,146.29 1 0
github.com/clearmatics/autonity/accounts/abi/bind/base.go:146.29,148.5 1 0
github.com/clearmatics/autonity/accounts/abi/bind/base.go:150.8,152.37 2 0
github.com/clearmatics/autonity/accounts/abi/bind/base.go:152.37,154.68 1 0
github.com/clearmatics/autonity/accounts/abi/bind/base.go:154.68,156.5 1 0
github.com/clearmatics/autonity/accounts/abi/bind/base.go:156.10,156.29 1 0
github.com/clearmatics/autonity/accounts/abi/bind/base.go:156.29,158.5 1 0
github.com/clearmatics/autonity/accounts/abi/bind/base.go:161.16,163.3 1 0
github.com/clearmatics/autonity/accounts/abi/bind/base.go:168.120,171.16 2 0
github.com/clearmatics/autonity/accounts/abi/bind/base.go:174.2,174.44 1 0
github.com/clearmatics/autonity/accounts/abi/bind/base.go:171.16,173.3 1 0
github.com/clearmatics/autonity/accounts/abi/bind/base.go:179.82,181.2 1 0
github.com/clearmatics/autonity/accounts/abi/bind/base.go:185.122,190.18 3 0
github.com/clearmatics/autonity/accounts/abi/bind/base.go:193.2,194.23 2 0
github.com/clearmatics/autonity/accounts/abi/bind/base.go:203.2,204.21 2 0
github.com/clearmatics/autonity/accounts/abi/bind/base.go:210.2,211.19 2 0
github.com/clearmatics/autonity/accounts/abi/bind/base.go:228.2,229.21 2 0
github.com/clearmatics/autonity/accounts/abi/bind/base.go:234.2,234.24 1 0
github.com/clearmatics/autonity/accounts/abi/bind/base.go:237.2,238.16 2 0
github.com/clearmatics/autonity/accounts/abi/bind/base.go:241.2,241.92 1 0
github.com/clearmatics/autonity/accounts/abi/bind/base.go:244.2,244.22 1 0
github.com/clearmatics/autonity/accounts/abi/bind/base.go:190.18,192.3 1 0
github.com/clearmatics/autonity/accounts/abi/bind/base.go:194.23,196.17 2 0
github.com/clearmatics/autonity/accounts/abi/bind/base.go:196.17,198.4 1 0
github.com/clearmatics/autonity/accounts/abi/bind/base.go:199.8,201.3 1 0
github.com/clearmatics/autonity/accounts/abi/bind/base.go:204.21,206.17 2 0
github.com/clearmatics/autonity/accounts/abi/bind/base.go:206.17,208.4 1 0
github.com/clearmatics/autonity/accounts/abi/bind/base.go:211.19,213.22 1 0
github.com/clearmatics/autonity/accounts/abi/bind/base.go:221.3,223.17 3 0
github.com/clearmatics/autonity/accounts/abi/bind/base.go:213.22,214.99 1 0
github.com/clearmatics/autonity/accounts/abi/bind/base.go:214.99,216.5 1 0
github.com/clearmatics/autonity/accounts/abi/bind/base.go:216.10,216.29 1 0
github.com/clearmatics/autonity/accounts/abi/bind/base.go:216.29,218.5 1 0
github.com/clearmatics/autonity/accounts/abi/bind/base.go:223.17,225.4 1 0
github.com/clearmatics/autonity/accounts/abi/bind/base.go:229.21,231.3 1 0
github.com/clearmatics/autonity/accounts/abi/bind/base.go:231.8,233.3 1 0
github.com/clearmatics/autonity/accounts/abi/bind/base.go:234.24,236.3 1 0
github.com/clearmatics/autonity/accounts/abi/bind/base.go:238.16,240.3 1 0
github.com/clearmatics/autonity/accounts/abi/bind/base.go:241.92,243.3 1 0
github.com/clearmatics/autonity/accounts/abi/bind/base.go:249.135,251.17 1 0
github.com/clearmatics/autonity/accounts/abi/bind/base.go:255.2,258.16 3 0
github.com/clearmatics/autonity/accounts/abi/bind/base.go:262.2,269.21 3 0
github.com/clearmatics/autonity/accounts/abi/bind/base.go:275.2,276.16 2 0
github.com/clearmatics/autonity/accounts/abi/bind/base.go:279.2,279.69 1 0
github.com/clearmatics/autonity/accounts/abi/bind/base.go:290.2,290.16 1 0
github.com/clearmatics/autonity/accounts/abi/bind/base.go:293.2,293.23 1 0
github.com/clearmatics/autonity/accounts/abi/bind/base.go:251.17,253.3 1 0
github.com/clearmatics/autonity/accounts/abi/bind/base.go:258.16,260.3 1 0
github.com/clearmatics/autonity/accounts/abi/bind/base.go:269.21,271.3 1 0
github.com/clearmatics/autonity/accounts/abi/bind/base.go:276.16,278.3 1 0
github.com/clearmatics/autonity/accounts/abi/bind/base.go:279.69,280.28 1 0
github.com/clearmatics/autonity/accounts/abi/bind/base.go:287.3,287.13 1 0
github.com/clearmatics/autonity/accounts/abi/bind/base.go:280.28,281.11 1 0
github.com/clearmatics/autonity/accounts/abi/bind/base.go:282.21,282.21 0 0
github.com/clearmatics/autonity/accounts/abi/bind/base.go:283.16,284.15 1 0
github.com/clearmatics/autonity/accounts/abi/bind/base.go:290.16,292.3 1 0
github.com/clearmatics/autonity/accounts/abi/bind/base.go:298.133,300.17 1 0
github.com/clearmatics/autonity/accounts/abi/bind/base.go:304.2,307.16 3 0
github.com/clearmatics/autonity/accounts/abi/bind/base.go:311.2,317.23 3 0
github.com/clearmatics/autonity/accounts/abi/bind/base.go:320.2,321.16 2 0
github.com/clearmatics/autonity/accounts/abi/bind/base.go:324.2,324.23 1 0
github.com/clearmatics/autonity/accounts/abi/bind/base.go:300.17,302.3 1 0
github.com/clearmatics/autonity/accounts/abi/bind/base.go:307.16,309.3 1 0
github.com/clearmatics/autonity/accounts/abi/bind/base.go:317.23,319.3 1 0
github.com/clearmatics/autonity/accounts/abi/bind/base.go:321.16,323.3 1 0
github.com/clearmatics/autonity/accounts/abi/bind/base.go:328.87,329.23 1 0
github.com/clearmatics/autonity/accounts/abi/bind/base.go:334.2,335.49 2 0
github.com/clearmatics/autonity/accounts/abi/bind/base.go:340.2,340.50 1 0
github.com/clearmatics/autonity/accounts/abi/bind/base.go:329.23,330.60 1 0
github.com/clearmatics/autonity/accounts/abi/bind/base.go:330.60,332.4 1 0
github.com/clearmatics/autonity/accounts/abi/bind/base.go:335.49,336.18 1 0
github.com/clearmatics/autonity/accounts/abi/bind/base.go:336.18,338.4 1 0
github.com/clearmatics/autonity/accounts/abi/bind/base.go:345.57,346.16 1 0
github.com/clearmatics/autonity/accounts/abi/bind/base.go:349.2,349.12 1 0
github.com/clearmatics/autonity/accounts/abi/bind/base.go:346.16,348.3 1 0
github.com/clearmatics/autonity/accounts/abi/bind/bind.go:48.101,52.34 2 18
github.com/clearmatics/autonity/accounts/abi/bind/bind.go:131.2,145.51 5 18
github.com/clearmatics/autonity/accounts/abi/bind/bind.go:149.2,149.20 1 18
github.com/clearmatics/autonity/accounts/abi/bind/bind.go:157.2,157.29 1 0
github.com/clearmatics/autonity/accounts/abi/bind/bind.go:52.34,55.17 2 18
github.com/clearmatics/autonity/accounts/abi/bind/bind.go:59.3,59.48 1 18
github.com/clearmatics/autonity/accounts/abi/bind/bind.go:67.3,72.43 2 18
github.com/clearmatics/autonity/accounts/abi/bind/bind.go:98.3,98.42 1 18
github.com/clearmatics/autonity/accounts/abi/bind/bind.go:120.3,128.4 1 18
github.com/clearmatics/autonity/accounts/abi/bind/bind.go:55.17,57.4 1 0
github.com/clearmatics/autonity/accounts/abi/bind/bind.go:59.48,60.26 1 15397
github.com/clearmatics/autonity/accounts/abi/bind/bind.go:63.4,63.12 1 15274
github.com/clearmatics/autonity/accounts/abi/bind/bind.go:60.26,62.5 1 123
github.com/clearmatics/autonity/accounts/abi/bind/bind.go:72.43,79.44 5 73
github.com/clearmatics/autonity/accounts/abi/bind/bind.go:84.4,86.46 3 73
github.com/clearmatics/autonity/accounts/abi/bind/bind.go:92.4,92.22 1 73
github.com/clearmatics/autonity/accounts/abi/bind/bind.go:79.44,80.25 1 64
github.com/clearmatics/autonity/accounts/abi/bind/bind.go:80.25,82.6 1 16
github.com/clearmatics/autonity/accounts/abi/bind/bind.go:86.46,87.26 1 82
github.com/clearmatics/autonity/accounts/abi/bind/bind.go:87.26,89.6 1 49
github.com/clearmatics/autonity/accounts/abi/bind/bind.go:92.22,94.5 1 57
github.com/clearmatics/autonity/accounts/abi/bind/bind.go:94.10,96.5 1 16
github.com/clearmatics/autonity/accounts/abi/bind/bind.go:98.42,100.26 1 15
github.com/clearmatics/autonity/accounts/abi/bind/bind.go:104.4,109.44 5 14
github.com/clearmatics/autonity/accounts/abi/bind/bind.go:118.4,118.82 1 14
github.com/clearmatics/autonity/accounts/abi/bind/bind.go:100.26,101.13 1 1
github.com/clearmatics/autonity/accounts/abi/bind/bind.go:109.44,111.22 1 42
github.com/clearmatics/autonity/accounts/abi/bind/bind.go:111.22,112.26 1 15
github.com/clearmatics/autonity/accounts/abi/bind/bind.go:112.26,114.7 1 0
github.com/clearmatics/autonity/accounts/abi/bind/bind.go:145.51,147.3 1 0
github.com/clearmatics/autonity/accounts/abi/bind/bind.go:149.20,151.17 2 18
github.com/clearmatics/autonity/accounts/abi/bind/bind.go:154.3,154.27 1 18
github.com/clearmatics/autonity/accounts/abi/bind/bind.go:151.17,153.4 1 0
github.com/clearmatics/autonity/accounts/abi/bind/bind.go:175.89,180.32 4 586
github.com/clearmatics/autonity/accounts/abi/bind/bind.go:184.2,184.28 1 586
github.com/clearmatics/autonity/accounts/abi/bind/bind.go:180.32,183.3 1 49
github.com/clearmatics/autonity/accounts/abi/bind/bind.go:189.63,192.44 2 586
github.com/clearmatics/autonity/accounts/abi/bind/bind.go:195.2,196.12 2 586
github.com/clearmatics/autonity/accounts/abi/bind/bind.go:192.44,194.3 1 49
github.com/clearmatics/autonity/accounts/abi/bind/bind.go:202.39,206.2 3 586
github.com/clearmatics/autonity/accounts/abi/bind/bind.go:211.58,213.9 1 586
github.com/clearmatics/autonity/accounts/abi/bind/bind.go:214.48,215.42 1 106
github.com/clearmatics/autonity/accounts/abi/bind/bind.go:217.46,219.58 2 41
github.com/clearmatics/autonity/accounts/abi/bind/bind.go:221.85,223.19 2 261
github.com/clearmatics/autonity/accounts/abi/bind/bind.go:227.3,227.35 1 233
github.com/clearmatics/autonity/accounts/abi/bind/bind.go:229.45,230.29 1 39
github.com/clearmatics/autonity/accounts/abi/bind/bind.go:232.47,233.33 1 139
github.com/clearmatics/autonity/accounts/abi/bind/bind.go:235.10,236.37 1 0
github.com/clearmatics/autonity/accounts/abi/bind/bind.go:224.30,225.68 1 28
github.com/clearmatics/autonity/accounts/abi/bind/bind.go:242.65,245.2 1 0
github.com/clearmatics/autonity/accounts/abi/bind/bind.go:250.41,254.2 3 0
github.com/clearmatics/autonity/accounts/abi/bind/bind.go:259.60,261.9 1 0
github.com/clearmatics/autonity/accounts/abi/bind/bind.go:262.48,264.22 2 0
github.com/clearmatics/autonity/accounts/abi/bind/bind.go:267.3,267.21 1 0
github.com/clearmatics/autonity/accounts/abi/bind/bind.go:270.3,270.36 1 0
github.com/clearmatics/autonity/accounts/abi/bind/bind.go:272.46,274.22 2 0
github.com/clearmatics/autonity/accounts/abi/bind/bind.go:277.3,277.33 1 0
github.com/clearmatics/autonity/accounts/abi/bind/bind.go:279.85,283.22 2 0
github.com/clearmatics/autonity/accounts/abi/bind/bind.go:287.3,295.22 2 0
github.com/clearmatics/autonity/accounts/abi/bind/bind.go:298.3,298.34 1 0
github.com/clearmatics/autonity/accounts/abi/bind/bind.go:300.45,301.32 1 0
github.com/clearmatics/autonity/accounts/abi/bind/bind.go:303.47,304.33 1 0
github.com/clearmatics/autonity/accounts/abi/bind/bind.go:306.10,307.37 1 0
github.com/clearmatics/autonity/accounts/abi/bind/bind.go:264.22,266.4 1 0
github.com/clearmatics/autonity/accounts/abi/bind/bind.go:267.21,269.4 1 0
github.com/clearmatics/autonity/accounts/abi/bind/bind.go:274.22,276.4 1 0
github.com/clearmatics/autonity/accounts/abi/bind/bind.go:283.22,285.4 1 0
github.com/clearmatics/autonity/accounts/abi/bind/bind.go:295.22,297.4 1 0
github.com/clearmatics/autonity/accounts/abi/bind/bind.go:320.44,322.44 2 15
github.com/clearmatics/autonity/accounts/abi/bind/bind.go:325.2,325.14 1 15
github.com/clearmatics/autonity/accounts/abi/bind/bind.go:322.44,324.3 1 4
github.com/clearmatics/autonity/accounts/abi/bind/bind.go:330.46,332.43 2 0
github.com/clearmatics/autonity/accounts/abi/bind/bind.go:335.2,335.14 1 0
github.com/clearmatics/autonity/accounts/abi/bind/bind.go:332.43,334.3 1 0
github.com/clearmatics/autonity/accounts/abi/bind/bind.go:341.42,341.77 1 0
github.com/clearmatics/autonity/accounts/abi/bind/bind.go:347.62,348.18 1 0
github.com/clearmatics/autonity/accounts/abi/bind/bind.go:349.16,350.18 1 0
github.com/clearmatics/autonity/accounts/abi/bind/bind.go:351.18,352.20 1 0
github.com/clearmatics/autonity/accounts/abi/bind/bind.go:353.16,354.18 1 0
github.com/clearmatics/autonity/accounts/abi/bind/bind.go:355.18,356.19 1 0
github.com/clearmatics/autonity/accounts/abi/bind/bind.go:357.17,358.16 1 0
github.com/clearmatics/autonity/accounts/abi/bind/bind.go:359.19,360.17 1 0
github.com/clearmatics/autonity/accounts/abi/bind/bind.go:361.18,362.19 1 0
github.com/clearmatics/autonity/accounts/abi/bind/bind.go:363.10,365.22 2 0
github.com/clearmatics/autonity/accounts/abi/bind/bind.go:368.3,368.19 1 0
github.com/clearmatics/autonity/accounts/abi/bind/bind.go:365.22,367.4 1 0
github.com/clearmatics/autonity/accounts/abi/bind/bind.go:369.30,370.22 1 0
github.com/clearmatics/autonity/accounts/abi/bind/bind.go:373.4,373.66 1 0
github.com/clearmatics/autonity/accounts/abi/bind/bind.go:375.11,376.19 1 0
github.com/clearmatics/autonity/accounts/abi/bind/bind.go:370.22,372.5 1 0
github.com/clearmatics/autonity/accounts/abi/bind/bind.go:389.38,390.40 1 230
github.com/clearmatics/autonity/accounts/abi/bind/bind.go:393.2,393.21 1 230
github.com/clearmatics/autonity/accounts/abi/bind/bind.go:396.2,396.60 1 225
github.com/clearmatics/autonity/accounts/abi/bind/bind.go:390.40,392.3 1 20
github.com/clearmatics/autonity/accounts/abi/bind/bind.go:393.21,395.3 1 5
github.com/clearmatics/autonity/accounts/abi/bind/bind.go:400.40,401.40 1 0
github.com/clearmatics/autonity/accounts/abi/bind/bind.go:404.2,404.21 1 0
github.com/clearmatics/autonity/accounts/abi/bind/bind.go:407.2,407.60 1 0
github.com/clearmatics/autonity/accounts/abi/bind/bind.go:401.40,403.3 1 0
github.com/clearmatics/autonity/accounts/abi/bind/bind.go:404.21,406.3 1 0
github.com/clearmatics/autonity/accounts/abi/bind/bind.go:411.39,415.26 3 225
github.com/clearmatics/autonity/accounts/abi/bind/bind.go:431.2,431.15 1 225
github.com/clearmatics/autonity/accounts/abi/bind/bind.go:415.26,416.10 1 1956
github.com/clearmatics/autonity/accounts/abi/bind/bind.go:417.15,418.46 1 225
github.com/clearmatics/autonity/accounts/abi/bind/bind.go:420.16,422.19 2 2
github.com/clearmatics/autonity/accounts/abi/bind/bind.go:424.17,425.18 1 2
github.com/clearmatics/autonity/accounts/abi/bind/bind.go:427.11,428.23 1 1727
github.com/clearmatics/autonity/accounts/abi/bind/bind.go:436.42,437.19 1 73
github.com/clearmatics/autonity/accounts/abi/bind/bind.go:440.2,441.27 2 16
github.com/clearmatics/autonity/accounts/abi/bind/bind.go:454.2,454.13 1 6
github.com/clearmatics/autonity/accounts/abi/bind/bind.go:437.19,439.3 1 57
github.com/clearmatics/autonity/accounts/abi/bind/bind.go:441.27,443.21 1 37
github.com/clearmatics/autonity/accounts/abi/bind/bind.go:448.3,449.35 2 34
github.com/clearmatics/autonity/accounts/abi/bind/bind.go:452.3,452.23 1 27
github.com/clearmatics/autonity/accounts/abi/bind/bind.go:443.21,445.4 1 3
github.com/clearmatics/autonity/accounts/abi/bind/bind.go:449.35,451.4 1 7
github.com/clearmatics/autonity/accounts/abi/bind/topics.go:31.66,33.31 2 0
github.com/clearmatics/autonity/accounts/abi/bind/topics.go:96.2,96.20 1 0
github.com/clearmatics/autonity/accounts/abi/bind/topics.go:33.31,34.31 1 0
github.com/clearmatics/autonity/accounts/abi/bind/topics.go:34.31,38.31 2 0
github.com/clearmatics/autonity/accounts/abi/bind/topics.go:93.4,93.40 1 0
github.com/clearmatics/autonity/accounts/abi/bind/topics.go:39.21,40.28 1 0
github.com/clearmatics/autonity/accounts/abi/bind/topics.go:41.24,42.66 1 0
github.com/clearmatics/autonity/accounts/abi/bind/topics.go:43.18,45.52 2 0
github.com/clearmatics/autonity/accounts/abi/bind/topics.go:46.14,47.13 1 0
github.com/clearmatics/autonity/accounts/abi/bind/topics.go:50.14,52.52 2 0
github.com/clearmatics/autonity/accounts/abi/bind/topics.go:53.15,55.52 2 0
github.com/clearmatics/autonity/accounts/abi/bind/topics.go:56.15,58.52 2 0
github.com/clearmatics/autonity/accounts/abi/bind/topics.go:59.15,61.52 2 0
github.com/clearmatics/autonity/accounts/abi/bind/topics.go:62.15,64.52 2 0
github.com/clearmatics/autonity/accounts/abi/bind/topics.go:65.16,67.52 2 0
github.com/clearmatics/autonity/accounts/abi/bind/topics.go:68.16,70.52 2 0
github.com/clearmatics/autonity/accounts/abi/bind/topics.go:71.16,73.52 2 0
github.com/clearmatics/autonity/accounts/abi/bind/topics.go:74.16,76.28 2 0
github.com/clearmatics/autonity/accounts/abi/bind/topics.go:77.16,79.28 2 0
github.com/clearmatics/autonity/accounts/abi/bind/topics.go:81.12,85.12 2 0
github.com/clearmatics/autonity/accounts/abi/bind/topics.go:47.13,49.6 1 0
github.com/clearmatics/autonity/accounts/abi/bind/topics.go:86.93,87.77 1 0
github.com/clearmatics/autonity/accounts/abi/bind/topics.go:89.13,90.66 1 0
github.com/clearmatics/autonity/accounts/abi/bind/topics.go:110.85,112.32 1 0
github.com/clearmatics/autonity/accounts/abi/bind/topics.go:116.2,116.29 1 0
github.com/clearmatics/autonity/accounts/abi/bind/topics.go:188.2,188.12 1 0
github.com/clearmatics/autonity/accounts/abi/bind/topics.go:112.32,114.3 1 0
github.com/clearmatics/autonity/accounts/abi/bind/topics.go:116.29,117.19 1 0
github.com/clearmatics/autonity/accounts/abi/bind/topics.go:120.3,123.23 2 0
github.com/clearmatics/autonity/accounts/abi/bind/topics.go:186.3,186.22 1 0
github.com/clearmatics/autonity/accounts/abi/bind/topics.go:117.19,119.4 1 0
github.com/clearmatics/autonity/accounts/abi/bind/topics.go:124.21,125.43 1 0
github.com/clearmatics/autonity/accounts/abi/bind/topics.go:128.21,130.49 2 0
github.com/clearmatics/autonity/accounts/abi/bind/topics.go:132.22,134.50 2 0
github.com/clearmatics/autonity/accounts/abi/bind/topics.go:136.22,138.50 2 0
github.com/clearmatics/autonity/accounts/abi/bind/topics.go:140.22,142.43 2 0
github.com/clearmatics/autonity/accounts/abi/bind/topics.go:144.22,146.51 2 0
github.com/clearmatics/autonity/accounts/abi/bind/topics.go:148.23,150.52 2 0
github.com/clearmatics/autonity/accounts/abi/bind/topics.go:152.23,154.52 2 0
github.com/clearmatics/autonity/accounts/abi/bind/topics.go:156.23,158.44 2 0
github.com/clearmatics/autonity/accounts/abi/bind/topics.go:160.11,162.24 1 0
github.com/clearmatics/autonity/accounts/abi/bind/topics.go:125.43,127.5 1 0
github.com/clearmatics/autonity/accounts/abi/bind/topics.go:163.21,164.42 1 0
github.com/clearmatics/autonity/accounts/abi/bind/topics.go:166.24,169.37 3 0
github.com/clearmatics/autonity/accounts/abi/bind/topics.go:171.23,173.36 2 0
github.com/clearmatics/autonity/accounts/abi/bind/topics.go:175.12,177.12 1 0
github.com/clearmatics/autonity/accounts/abi/bind/topics.go:178.41,179.87 1 0
github.com/clearmatics/autonity/accounts/abi/bind/topics.go:181.13,182.65 1 0
github.com/clearmatics/autonity/accounts/abi/bind/util.go:31.101,36.6 4 2
github.com/clearmatics/autonity/accounts/abi/bind/util.go:36.6,38.21 2 4
github.com/clearmatics/autonity/accounts/abi/bind/util.go:41.3,41.17 1 2
github.com/clearmatics/autonity/accounts/abi/bind/util.go:47.3,47.10 1 2
github.com/clearmatics/autonity/accounts/abi/bind/util.go:38.21,40.4 1 2
github.com/clearmatics/autonity/accounts/abi/bind/util.go:41.17,43.4 1 0
github.com/clearmatics/autonity/accounts/abi/bind/util.go:43.9,45.4 1 2
github.com/clearmatics/autonity/accounts/abi/bind/util.go:48.21,49.25 1 0
github.com/clearmatics/autonity/accounts/abi/bind/util.go:50.24,50.24 0 2
github.com/clearmatics/autonity/accounts/abi/bind/util.go:57.104,58.20 1 2
github.com/clearmatics/autonity/accounts/abi/bind/util.go:61.2,62.16 2 2
github.com/clearmatics/autonity/accounts/abi/bind/util.go:65.2,65.51 1 2
github.com/clearmatics/autonity/accounts/abi/bind/util.go:71.2,72.34 2 2
github.com/clearmatics/autonity/accounts/abi/bind/util.go:75.2,75.37 1 2
github.com/clearmatics/autonity/accounts/abi/bind/util.go:58.20,60.3 1 0
github.com/clearmatics/autonity/accounts/abi/bind/util.go:62.16,64.3 1 0
github.com/clearmatics/autonity/accounts/abi/bind/util.go:65.51,67.3 1 0
github.com/clearmatics/autonity/accounts/abi/bind/util.go:72.34,74.3 1 1
